('int', -1)
('identifier', (7, 0))
(';', -1)
('int', -1)
('identifier', (8, 0))
(';', -1)
('read', -1)
('(', -1)
('identifier', (7, 0))
(')', -1)
(';', -1)
('read', -1)
('(', -1)
('identifier', (8, 0))
(')', -1)
(';', -1)
('loop', -1)
('(', -1)
('identifier', (8, 0))
('!=', -1)
('constant', (8, 1))
(')', -1)
('{', -1)
('int', -1)
('identifier', (4, 0))
('->', -1)
('identifier', (8, 0))
(';', -1)
('identifier', (8, 0))
('->', -1)
('identifier', (7, 0))
('mod', -1)
('identifier', (8, 0))
(';', -1)
('identifier', (7, 0))
('->', -1)
('identifier', (4, 0))
(';', -1)
('}', -1)
('write', -1)
('(', -1)
('identifier', (7, 0))
(')', -1)
(';', -1)
('exit', -1)
('(', -1)
('constant', (8, 1))
(')', -1)
(';', -1)