31 -> -1
19 -> -1
1 -> 0
23 -> -1
32 -> -1
1 -> 1
23 -> -1
32 -> -1
1 -> 2
23 -> -1
32 -> -1
43 -> -1
21 -> -1
37 -> -1
17 -> -1
1 -> 0
18 -> -1
43 -> -1
21 -> -1
37 -> -1
17 -> -1
1 -> 1
18 -> -1
43 -> -1
21 -> -1
37 -> -1
17 -> -1
1 -> 2
18 -> -1
1 -> 3
23 -> -1
32 -> -1
1 -> 3
13 -> -1
1 -> 0
38 -> -1
1 -> 3
10 -> -1
1 -> 1
29 -> -1
23 -> -1
1 -> 3
13 -> -1
1 -> 1
30 -> -1
24 -> -1
38 -> -1
1 -> 3
10 -> -1
1 -> 2
29 -> -1
23 -> -1
1 -> 3
13 -> -1
1 -> 2
30 -> -1
24 -> -1
43 -> -1
21 -> -1
40 -> -1
17 -> -1
1 -> 3
18 -> -1
20 -> -1
